[gui-server] running on http://localhost:8788
[gui-server] API:     http://localhost:8788/api/v1/health
[gui-server] WS:      ws://localhost:8788/ws
[gui-server] Project: C:\Users\Chris\Desktop\Spec Factory
[gui-server] CWD:     C:\Users\Chris\Desktop\Spec Factory
[gui-server] Helper:  C:\Users\Chris\Desktop\Spec Factory\category_authority
[gui-server] Output:  C:\Users\Chris\AppData\Local\Temp\spec-factory-runtime-defaults-23FjQ0\storage-settings-gui-WXCgJV\storage-target-local\output
[gui-server] IndexLab:C:\Users\Chris\AppData\Local\Temp\spec-factory-runtime-defaults-23FjQ0\storage-settings-gui-WXCgJV\storage-target-local\indexlab
[gui-server] Canonical settings writes only: ON
[gui-server] Static:  C:\Users\Chris\Desktop\Spec Factory\tools\gui-react\dist
[gui-server] Assets:  BillingPage-CjbP-2M6.js, CatalogPage-CK02OTUa.js, CategoryManager-fJ1tnTA4.js, ComponentReviewPage-C4LGiT3_.js, DataTable-C7xYZJyU.js, DrawerShell-BmjaFvdr.js, fieldNormalize-gPMNHgg-.js, FlagsSection-DzDCWkqj.js, formatting-B6A_RRxb.js, helpers-C3SSd68b.js, index-8nAdZVf7.css, index-C2AGDIa_.js, IndexingPage-CO4FiW_D.js, invalidateFieldRulesQueries-BCJ0hOZn.js, llmSettingsManifest-BM_lnvWi.js, LlmSettingsPage-CMOGrDvJ.js, MetricRow-CPSXyiDy.js, OverviewPage-D8OffLCa.js, PipelineSettingsPage-DhINC5d9.js, PipelineSourceStrategySection-Ck9dfFdW.js, ProductPage-Cq-0xVXz.js, ReviewPage-B6_Q4QLf.js, RuntimeFlowAutomationSection-DUkIPYB5.js, RuntimeFlowBrowserRenderingSection-fCy9dXif.js, RuntimeFlowDraftPayload-D29k6czj.js, RuntimeFlowFetchNetworkSection-CHh0LA3b.js, RuntimeFlowLlmCortexSection-BjIf7DTX.js, RuntimeFlowObservabilitySection-DRdLocHO.js, RuntimeFlowOcrSection-8wrDQeAk.js, RuntimeFlowParsingSection-BeZiM6jD.js, RuntimeFlowPlannerTriageSection-D4R2zLXC.js, RuntimeFlowRunOutputSection-d7G-8ooA.js, RuntimeFlowRunSetupSection-W0ZRecIx.js, RuntimeFlowScoringEvidenceSection-CeDQLjr_.js, RuntimeOpsPage-DHpr3UWk.js, RuntimeSettingsFlowCard-CqeODHLW.js, settingsStatus-BVm315aX.js, StoragePage-CIzdlXpf.js, StudioPage-ChOXfKcx.js, TestModePage-DhznGh1K.js, Tip-ByxF6cDi.js, TrafficLight-ChwitSxd.js, useFieldLabels-DsgfsJh-.js, useSessionPersistence-SGs_3iQS.js, vendor-charts-B43DjRkg.js, vendor-query-9x02noP2.js, vendor-react-9Nv5wY2p.js, vendor-ui-CYUaAHkw.js
[gui-server] running on http://localhost:8788
[gui-server] API:     http://localhost:8788/api/v1/health
[gui-server] WS:      ws://localhost:8788/ws
[gui-server] Project: C:\Users\Chris\Desktop\Spec Factory
[gui-server] CWD:     C:\Users\Chris\Desktop\Spec Factory
[gui-server] Helper:  C:\Users\Chris\Desktop\Spec Factory\category_authority
[gui-server] Output:  C:\Users\Chris\AppData\Local\Temp\spec-factory-runtime-defaults-23FjQ0\storage-settings-gui-WXCgJV\storage-target-local\output
[gui-server] IndexLab:C:\Users\Chris\AppData\Local\Temp\spec-factory-runtime-defaults-23FjQ0\storage-settings-gui-WXCgJV\storage-target-local\indexlab
[gui-server] Canonical settings writes only: ON
[gui-server] Static:  C:\Users\Chris\Desktop\Spec Factory\tools\gui-react\dist
[gui-server] Assets:  BillingPage-CjbP-2M6.js, CatalogPage-CK02OTUa.js, CategoryManager-fJ1tnTA4.js, ComponentReviewPage-C4LGiT3_.js, DataTable-C7xYZJyU.js, DrawerShell-BmjaFvdr.js, fieldNormalize-gPMNHgg-.js, FlagsSection-DzDCWkqj.js, formatting-B6A_RRxb.js, helpers-C3SSd68b.js, index-8nAdZVf7.css, index-C2AGDIa_.js, IndexingPage-CO4FiW_D.js, invalidateFieldRulesQueries-BCJ0hOZn.js, llmSettingsManifest-BM_lnvWi.js, LlmSettingsPage-CMOGrDvJ.js, MetricRow-CPSXyiDy.js, OverviewPage-D8OffLCa.js, PipelineSettingsPage-DhINC5d9.js, PipelineSourceStrategySection-Ck9dfFdW.js, ProductPage-Cq-0xVXz.js, ReviewPage-B6_Q4QLf.js, RuntimeFlowAutomationSection-DUkIPYB5.js, RuntimeFlowBrowserRenderingSection-fCy9dXif.js, RuntimeFlowDraftPayload-D29k6czj.js, RuntimeFlowFetchNetworkSection-CHh0LA3b.js, RuntimeFlowLlmCortexSection-BjIf7DTX.js, RuntimeFlowObservabilitySection-DRdLocHO.js, RuntimeFlowOcrSection-8wrDQeAk.js, RuntimeFlowParsingSection-BeZiM6jD.js, RuntimeFlowPlannerTriageSection-D4R2zLXC.js, RuntimeFlowRunOutputSection-d7G-8ooA.js, RuntimeFlowRunSetupSection-W0ZRecIx.js, RuntimeFlowScoringEvidenceSection-CeDQLjr_.js, RuntimeOpsPage-DHpr3UWk.js, RuntimeSettingsFlowCard-CqeODHLW.js, settingsStatus-BVm315aX.js, StoragePage-CIzdlXpf.js, StudioPage-ChOXfKcx.js, TestModePage-DhznGh1K.js, Tip-ByxF6cDi.js, TrafficLight-ChwitSxd.js, useFieldLabels-DsgfsJh-.js, useSessionPersistence-SGs_3iQS.js, vendor-charts-B43DjRkg.js, vendor-query-9x02noP2.js, vendor-react-9Nv5wY2p.js, vendor-ui-CYUaAHkw.js
[gui-server] running on http://localhost:8788
[gui-server] API:     http://localhost:8788/api/v1/health
[gui-server] WS:      ws://localhost:8788/ws
[gui-server] Project: C:\Users\Chris\Desktop\Spec Factory
[gui-server] CWD:     C:\Users\Chris\Desktop\Spec Factory
[gui-server] Helper:  C:\Users\Chris\Desktop\Spec Factory\category_authority
[gui-server] Output:  C:\Users\Chris\AppData\Local\Temp\spec-factory\output
[gui-server] IndexLab:C:\Users\Chris\AppData\Local\Temp\spec-factory\indexlab
[gui-server] Canonical settings writes only: ON
[gui-server] Static:  C:\Users\Chris\Desktop\Spec Factory\tools\gui-react\dist
[gui-server] Assets:  BillingPage-odaWHRw1.js, CatalogPage-DJuSPcDa.js, CategoryManager-BcsK_Pqu.js, ComponentReviewPage-BPWFmRZ0.js, DataTable-Bosp7JNx.js, DrawerShell-oiotJ-K7.js, fieldNormalize-gPMNHgg-.js, FlagsSection-DLhi2-4P.js, formatting-B6A_RRxb.js, helpers-CI6MXXwW.js, index-BA7UlZQh.css, index-C7o_cM0o.js, IndexingPage-DtcTO3Dc.js, invalidateFieldRulesQueries-CUh7AodM.js, LlmConfigPage-y-eXV09c.js, LlmExtractionSection-DnQ_r13h.js, LlmGlobalSection-RSuEIsif.js, llmModelDropdownOptions-M3jzLcBD.js, LlmPhaseSection-DyTxiXKh.js, LlmProviderRegistrySection-Bi00XiOx.js, llmSettingsManifest-BM_lnvWi.js, LlmSettingsPage-BJbqkQ7m.js, MetricRow-D_hTP0AY.js, OverviewPage-DuakbVtU.js, PipelineSettingsPage-zeET5OtA.js, PipelineSourceStrategySection-DgyOpxfR.js, ProductPage-DLQRdtUQ.js, ReviewPage-JARzz7lt.js, RuntimeFlowAutomationSection-CcDzAVcy.js, RuntimeFlowBrowserRenderingSection-B76Mo1vL.js, RuntimeFlowDraftPayload-BnG57RaY.js, RuntimeFlowFetchNetworkSection-DKI4CPxA.js, RuntimeFlowObservabilitySection-DsVMjKvA.js, RuntimeFlowOcrSection-deKD0XWd.js, RuntimeFlowParsingSection-CFVfBMJu.js, RuntimeFlowPlannerTriageSection-CBL7coYB.js, RuntimeFlowRunOutputSection-BTvITk2o.js, RuntimeFlowRunSetupSection-DsplCuqa.js, RuntimeOpsPage-DKBf7qST.js, runtimeSettingsEditorAdapter-tRJP1kja.js, RuntimeSettingsFlowCard-BclaglKg.js, settingsStatus-BVm315aX.js, StoragePage-BX00JgMz.js, StudioPage-NJdJFHtK.js, TestModePage-DZIo2j5S.js, TrafficLight-cvmCRkyF.js, useFieldLabels-Coztbzqk.js, useSessionPersistence-CpBlkd-2.js, vendor-charts-DhZgYMb8.js, vendor-query-B32LnyU-.js, vendor-react-yyJz49DP.js, vendor-ui-ComJg1Ad.js
[gui-server] running on http://localhost:8788
[gui-server] API:     http://localhost:8788/api/v1/health
[gui-server] WS:      ws://localhost:8788/ws
[gui-server] Project: C:\Users\Chris\Desktop\Spec Factory
[gui-server] CWD:     C:\Users\Chris\Desktop\Spec Factory
[gui-server] Helper:  C:\Users\Chris\Desktop\Spec Factory\category_authority
[gui-server] Output:  C:\Users\Chris\AppData\Local\Temp\spec-factory\output
[gui-server] IndexLab:C:\Users\Chris\AppData\Local\Temp\spec-factory\indexlab
[gui-server] Canonical settings writes only: ON
[gui-server] Static:  C:\Users\Chris\Desktop\Spec Factory\tools\gui-react\dist
[gui-server] Assets:  BillingPage-Cq7pn6hs.js, CatalogPage-CqaCWYn5.js, CategoryManager-sasg9xnU.js, ComponentReviewPage-kP7TZQVJ.js, DataTable-Bosp7JNx.js, DrawerShell-CE6KXnrq.js, fieldNormalize-gPMNHgg-.js, FlagsSection-CvzcEf8L.js, formatting-B6A_RRxb.js, helpers-Dbg9ETCq.js, index-CEKgzpAo.css, index-CWnOZ851.js, IndexingPage-CT2NQ0nB.js, invalidateFieldRulesQueries-CUh7AodM.js, LlmConfigPage-BzUYZ-rb.js, LlmExtractionSection-CGrr16gp.js, LlmGlobalSection-aWrADJdr.js, LlmPhaseSection-BEGjwcvE.js, LlmProviderRegistrySection-C8yGq3_8.js, llmSettingsManifest-Dn-9Efng.js, LlmSettingsPage-YV9Bo5pV.js, MetricRow-D_hTP0AY.js, ModelSelectDropdown-BYee0gWY.js, OverviewPage-AXEWmPFd.js, PipelineSettingsPage-D8BX8Vvk.js, PipelineSourceStrategySection-D_EgGX1D.js, ProductPage-u641oxqU.js, ReviewPage-ByITwjE8.js, RuntimeFlowAutomationSection-CQUWdDKx.js, RuntimeFlowBrowserRenderingSection-D3GDdLSO.js, RuntimeFlowDraftPayload-CmmNYhfM.js, RuntimeFlowFetchNetworkSection-Bc_oiCga.js, RuntimeFlowHeaderControls-ckxC4ha-.js, RuntimeFlowObservabilitySection-DBntPNdA.js, RuntimeFlowOcrSection-ku3QQoCd.js, RuntimeFlowParsingSection-dMtR40dx.js, RuntimeFlowRunOutputSection-DFyfW1TU.js, RuntimeFlowRunSetupSection-CTsVhPE1.js, RuntimeOpsPage-0hJcr7Kn.js, RuntimeSettingsFlowCard-CfuwpzF1.js, settingsStatus-BVm315aX.js, StoragePage-BxcsFAXj.js, StudioPage-DJ1jsWnP.js, TestModePage-CyFa1XdX.js, TrafficLight-OmpZ-Ano.js, useFieldLabels-C3faShPr.js, useSessionPersistence-B_2l7dj1.js, vendor-charts-DhZgYMb8.js, vendor-query-B32LnyU-.js, vendor-react-yyJz49DP.js, vendor-ui-ComJg1Ad.js
[gui-server] running on http://localhost:8788
[gui-server] API:     http://localhost:8788/api/v1/health
[gui-server] WS:      ws://localhost:8788/ws
[gui-server] Project: C:\Users\Chris\Desktop\Spec Factory
[gui-server] CWD:     C:\Users\Chris\Desktop\Spec Factory
[gui-server] Helper:  C:\Users\Chris\Desktop\Spec Factory\category_authority
[gui-server] Output:  C:\Users\Chris\AppData\Local\Temp\spec-factory\output
[gui-server] IndexLab:C:\Users\Chris\AppData\Local\Temp\spec-factory\indexlab
[gui-server] Canonical settings writes only: ON
[gui-server] Static:  C:\Users\Chris\Desktop\Spec Factory\tools\gui-react\dist
[gui-server] Assets:  BillingPage-CsnF6eST.js, CatalogPage-Dx3es3pD.js, CategoryManager-BLDgv6PW.js, ComponentReviewPage-BufsXXim.js, DataTable-Bosp7JNx.js, DrawerShell-BEB17vbZ.js, fieldNormalize-gPMNHgg-.js, FlagsSection-3NK9oimO.js, formatting-B6A_RRxb.js, helpers-B91Xj7Rj.js, index-B_zPLNOC.js, index-CEKgzpAo.css, IndexingPage-B7fDyZQa.js, invalidateFieldRulesQueries-CUh7AodM.js, LlmConfigPage-C4VslGo0.js, LlmExtractionSection-BCtsoAiy.js, LlmGlobalSection-DzTF01dc.js, LlmPhaseSection-BGyAFP50.js, LlmProviderRegistrySection-BJK85fIE.js, llmSettingsManifest-Dn-9Efng.js, LlmSettingsPage-CYriy4cC.js, MetricRow-D_hTP0AY.js, ModelSelectDropdown-BYee0gWY.js, OverviewPage-5ExmHbbD.js, PipelineSettingsPage-DqgTnPLy.js, PipelineSourceStrategySection-BK_-6ZzF.js, ProductPage-BQgBVRls.js, ReviewPage-BXe-OAQn.js, RuntimeFlowAutomationSection-B0hmOCoU.js, RuntimeFlowBrowserRenderingSection-CqhzCkDo.js, RuntimeFlowDraftPayload-61FtBakN.js, RuntimeFlowFetchNetworkSection-CBnI-QPt.js, RuntimeFlowHeaderControls-o2HNntQd.js, RuntimeFlowObservabilitySection-DdU7hRp4.js, RuntimeFlowOcrSection-DrKXkime.js, RuntimeFlowParsingSection-CI_56hV1.js, RuntimeFlowRunOutputSection-BaD9qIUS.js, RuntimeFlowRunSetupSection-BXUp6o5s.js, RuntimeOpsPage-UEdSvclW.js, RuntimeSettingsFlowCard-CNE7P4yQ.js, settingsStatus-BVm315aX.js, StoragePage-B-AhADfA.js, StudioPage-BprT8x4U.js, TestModePage-BZTqIY4z.js, TrafficLight-Qi180ubz.js, useFieldLabels-CY_RoLiZ.js, useSessionPersistence-B_2l7dj1.js, vendor-charts-DhZgYMb8.js, vendor-query-B32LnyU-.js, vendor-react-yyJz49DP.js, vendor-ui-ComJg1Ad.js
[gui-server] running on http://localhost:8788
[gui-server] API:     http://localhost:8788/api/v1/health
[gui-server] WS:      ws://localhost:8788/ws
[gui-server] Project: C:\Users\Chris\Desktop\Spec Factory
[gui-server] CWD:     C:\Users\Chris\Desktop\Spec Factory
[gui-server] Helper:  C:\Users\Chris\Desktop\Spec Factory\category_authority
[gui-server] Output:  C:\Users\Chris\AppData\Local\Temp\spec-factory\output
[gui-server] IndexLab:C:\Users\Chris\AppData\Local\Temp\spec-factory\indexlab
[gui-server] Canonical settings writes only: ON
[gui-server] Static:  C:\Users\Chris\Desktop\Spec Factory\tools\gui-react\dist
[gui-server] Assets:  BillingPage-BJCEvMo6.js, CatalogPage-BGdVbX82.js, CategoryManager-OPYPyP7K.js, ComponentReviewPage-ZlW3SyN9.js, DataTable-Bosp7JNx.js, DrawerShell-BUJiwHk2.js, fieldNormalize-gPMNHgg-.js, FlagsSection-DlZyUJ2b.js, formatting-B6A_RRxb.js, helpers-D2fP33aO.js, index-B1j-xLOP.js, index-CTpxogqz.css, IndexingPage-BTzxhBYo.js, invalidateFieldRulesQueries-CUh7AodM.js, LlmConfigPage-Bgsi2WHt.js, LlmExtractionSection-Bl6ZkyIC.js, LlmGlobalSection-B78borPd.js, LlmPhaseSection-Co9P673j.js, LlmProviderRegistrySection-BZ0z0OES.js, llmSettingsManifest-Dn-9Efng.js, LlmSettingsPage-Dg7tK7Ea.js, MetricRow-D_hTP0AY.js, ModelSelectDropdown-BYee0gWY.js, OverviewPage-CS3150Uu.js, PipelineSettingsPage-aaFSRmDb.js, PipelineSourceStrategySection-DbgQMBgu.js, ProductPage-CWo550uD.js, ReviewPage-CKF9HCfy.js, RuntimeFlowAutomationSection-DDXYjF1-.js, RuntimeFlowBrowserRenderingSection-v1zKBZF0.js, RuntimeFlowDraftPayload-BjsUd1gR.js, RuntimeFlowFetchNetworkSection-zetQIxwp.js, RuntimeFlowHeaderControls-DydOTrQo.js, RuntimeFlowObservabilitySection-woteoK3h.js, RuntimeFlowOcrSection-D2FtbhZu.js, RuntimeFlowParsingSection-D0flENDL.js, RuntimeFlowRunOutputSection-DsVbFSIb.js, RuntimeFlowRunSetupSection-CTQhuqe8.js, RuntimeOpsPage-CNBt5Odi.js, RuntimeSettingsFlowCard-BpaL3hfe.js, settingsStatus-BVm315aX.js, StoragePage-BoPvfq9J.js, StudioPage-CaHwjNcD.js, TestModePage-fBgXaS2k.js, TrafficLight-CidYG_xT.js, useFieldLabels-3ZVDca97.js, useSessionPersistence-B_2l7dj1.js, vendor-charts-DhZgYMb8.js, vendor-query-B32LnyU-.js, vendor-react-yyJz49DP.js, vendor-ui-ComJg1Ad.js
[gui-server] running on http://localhost:8788
[gui-server] API:     http://localhost:8788/api/v1/health
[gui-server] WS:      ws://localhost:8788/ws
[gui-server] Project: C:\Users\Chris\Desktop\Spec Factory
[gui-server] CWD:     C:\Users\Chris\Desktop\Spec Factory
[gui-server] Helper:  C:\Users\Chris\Desktop\Spec Factory\category_authority
[gui-server] Output:  C:\Users\Chris\AppData\Local\Temp\spec-factory\output
[gui-server] IndexLab:C:\Users\Chris\AppData\Local\Temp\spec-factory\indexlab
[gui-server] Canonical settings writes only: ON
[gui-server] Static:  C:\Users\Chris\Desktop\Spec Factory\tools\gui-react\dist
[gui-server] Assets:  BillingPage-BJCEvMo6.js, CatalogPage-BGdVbX82.js, CategoryManager-OPYPyP7K.js, ComponentReviewPage-ZlW3SyN9.js, DataTable-Bosp7JNx.js, DrawerShell-BUJiwHk2.js, fieldNormalize-gPMNHgg-.js, FlagsSection-DlZyUJ2b.js, formatting-B6A_RRxb.js, helpers-D2fP33aO.js, index-B1j-xLOP.js, index-CTpxogqz.css, IndexingPage-BTzxhBYo.js, invalidateFieldRulesQueries-CUh7AodM.js, LlmConfigPage-Bgsi2WHt.js, LlmExtractionSection-Bl6ZkyIC.js, LlmGlobalSection-B78borPd.js, LlmPhaseSection-Co9P673j.js, LlmProviderRegistrySection-BZ0z0OES.js, llmSettingsManifest-Dn-9Efng.js, LlmSettingsPage-Dg7tK7Ea.js, MetricRow-D_hTP0AY.js, ModelSelectDropdown-BYee0gWY.js, OverviewPage-CS3150Uu.js, PipelineSettingsPage-aaFSRmDb.js, PipelineSourceStrategySection-DbgQMBgu.js, ProductPage-CWo550uD.js, ReviewPage-CKF9HCfy.js, RuntimeFlowAutomationSection-DDXYjF1-.js, RuntimeFlowBrowserRenderingSection-v1zKBZF0.js, RuntimeFlowDraftPayload-BjsUd1gR.js, RuntimeFlowFetchNetworkSection-zetQIxwp.js, RuntimeFlowHeaderControls-DydOTrQo.js, RuntimeFlowObservabilitySection-woteoK3h.js, RuntimeFlowOcrSection-D2FtbhZu.js, RuntimeFlowParsingSection-D0flENDL.js, RuntimeFlowRunOutputSection-DsVbFSIb.js, RuntimeFlowRunSetupSection-CTQhuqe8.js, RuntimeOpsPage-CNBt5Odi.js, RuntimeSettingsFlowCard-BpaL3hfe.js, settingsStatus-BVm315aX.js, StoragePage-BoPvfq9J.js, StudioPage-CaHwjNcD.js, TestModePage-fBgXaS2k.js, TrafficLight-CidYG_xT.js, useFieldLabels-3ZVDca97.js, useSessionPersistence-B_2l7dj1.js, vendor-charts-DhZgYMb8.js, vendor-query-B32LnyU-.js, vendor-react-yyJz49DP.js, vendor-ui-ComJg1Ad.js
[gui-server] running on http://localhost:8788
[gui-server] API:     http://localhost:8788/api/v1/health
[gui-server] WS:      ws://localhost:8788/ws
[gui-server] Project: C:\Users\Chris\Desktop\Spec Factory
[gui-server] CWD:     C:\Users\Chris\Desktop\Spec Factory
[gui-server] Helper:  C:\Users\Chris\Desktop\Spec Factory\category_authority
[gui-server] Output:  C:\Users\Chris\AppData\Local\Temp\spec-factory\output
[gui-server] IndexLab:C:\Users\Chris\AppData\Local\Temp\spec-factory\indexlab
[gui-server] Canonical settings writes only: ON
[gui-server] Static:  C:\Users\Chris\Desktop\Spec Factory\tools\gui-react\dist
[gui-server] Assets:  BillingPage-BJCEvMo6.js, CatalogPage-BGdVbX82.js, CategoryManager-OPYPyP7K.js, ComponentReviewPage-ZlW3SyN9.js, DataTable-Bosp7JNx.js, DrawerShell-BUJiwHk2.js, fieldNormalize-gPMNHgg-.js, FlagsSection-DlZyUJ2b.js, formatting-B6A_RRxb.js, helpers-D2fP33aO.js, index-B1j-xLOP.js, index-CTpxogqz.css, IndexingPage-BTzxhBYo.js, invalidateFieldRulesQueries-CUh7AodM.js, LlmConfigPage-Bgsi2WHt.js, LlmExtractionSection-Bl6ZkyIC.js, LlmGlobalSection-B78borPd.js, LlmPhaseSection-Co9P673j.js, LlmProviderRegistrySection-BZ0z0OES.js, llmSettingsManifest-Dn-9Efng.js, LlmSettingsPage-Dg7tK7Ea.js, MetricRow-D_hTP0AY.js, ModelSelectDropdown-BYee0gWY.js, OverviewPage-CS3150Uu.js, PipelineSettingsPage-aaFSRmDb.js, PipelineSourceStrategySection-DbgQMBgu.js, ProductPage-CWo550uD.js, ReviewPage-CKF9HCfy.js, RuntimeFlowAutomationSection-DDXYjF1-.js, RuntimeFlowBrowserRenderingSection-v1zKBZF0.js, RuntimeFlowDraftPayload-BjsUd1gR.js, RuntimeFlowFetchNetworkSection-zetQIxwp.js, RuntimeFlowHeaderControls-DydOTrQo.js, RuntimeFlowObservabilitySection-woteoK3h.js, RuntimeFlowOcrSection-D2FtbhZu.js, RuntimeFlowParsingSection-D0flENDL.js, RuntimeFlowRunOutputSection-DsVbFSIb.js, RuntimeFlowRunSetupSection-CTQhuqe8.js, RuntimeOpsPage-CNBt5Odi.js, RuntimeSettingsFlowCard-BpaL3hfe.js, settingsStatus-BVm315aX.js, StoragePage-BoPvfq9J.js, StudioPage-CaHwjNcD.js, TestModePage-fBgXaS2k.js, TrafficLight-CidYG_xT.js, useFieldLabels-3ZVDca97.js, useSessionPersistence-B_2l7dj1.js, vendor-charts-DhZgYMb8.js, vendor-query-B32LnyU-.js, vendor-react-yyJz49DP.js, vendor-ui-ComJg1Ad.js
[gui-server] running on http://localhost:8788
[gui-server] API:     http://localhost:8788/api/v1/health
[gui-server] WS:      ws://localhost:8788/ws
[gui-server] Project: C:\Users\Chris\Desktop\Spec Factory
[gui-server] CWD:     C:\Users\Chris\Desktop\Spec Factory
[gui-server] Helper:  C:\Users\Chris\Desktop\Spec Factory\category_authority
[gui-server] Output:  C:\Users\Chris\AppData\Local\Temp\spec-factory\output
[gui-server] IndexLab:C:\Users\Chris\AppData\Local\Temp\spec-factory\indexlab
[gui-server] Canonical settings writes only: ON
[gui-server] Static:  C:\Users\Chris\Desktop\Spec Factory\tools\gui-react\dist
[gui-server] Assets:  BillingPage-BJCEvMo6.js, CatalogPage-BGdVbX82.js, CategoryManager-OPYPyP7K.js, ComponentReviewPage-ZlW3SyN9.js, DataTable-Bosp7JNx.js, DrawerShell-BUJiwHk2.js, fieldNormalize-gPMNHgg-.js, FlagsSection-DlZyUJ2b.js, formatting-B6A_RRxb.js, helpers-D2fP33aO.js, index-B1j-xLOP.js, index-CTpxogqz.css, IndexingPage-BTzxhBYo.js, invalidateFieldRulesQueries-CUh7AodM.js, LlmConfigPage-Bgsi2WHt.js, LlmExtractionSection-Bl6ZkyIC.js, LlmGlobalSection-B78borPd.js, LlmPhaseSection-Co9P673j.js, LlmProviderRegistrySection-BZ0z0OES.js, llmSettingsManifest-Dn-9Efng.js, LlmSettingsPage-Dg7tK7Ea.js, MetricRow-D_hTP0AY.js, ModelSelectDropdown-BYee0gWY.js, OverviewPage-CS3150Uu.js, PipelineSettingsPage-aaFSRmDb.js, PipelineSourceStrategySection-DbgQMBgu.js, ProductPage-CWo550uD.js, ReviewPage-CKF9HCfy.js, RuntimeFlowAutomationSection-DDXYjF1-.js, RuntimeFlowBrowserRenderingSection-v1zKBZF0.js, RuntimeFlowDraftPayload-BjsUd1gR.js, RuntimeFlowFetchNetworkSection-zetQIxwp.js, RuntimeFlowHeaderControls-DydOTrQo.js, RuntimeFlowObservabilitySection-woteoK3h.js, RuntimeFlowOcrSection-D2FtbhZu.js, RuntimeFlowParsingSection-D0flENDL.js, RuntimeFlowRunOutputSection-DsVbFSIb.js, RuntimeFlowRunSetupSection-CTQhuqe8.js, RuntimeOpsPage-CNBt5Odi.js, RuntimeSettingsFlowCard-BpaL3hfe.js, settingsStatus-BVm315aX.js, StoragePage-BoPvfq9J.js, StudioPage-CaHwjNcD.js, TestModePage-fBgXaS2k.js, TrafficLight-CidYG_xT.js, useFieldLabels-3ZVDca97.js, useSessionPersistence-B_2l7dj1.js, vendor-charts-DhZgYMb8.js, vendor-query-B32LnyU-.js, vendor-react-yyJz49DP.js, vendor-ui-ComJg1Ad.js
[gui-server] running on http://localhost:8788
[gui-server] API:     http://localhost:8788/api/v1/health
[gui-server] WS:      ws://localhost:8788/ws
[gui-server] Project: C:\Users\Chris\Desktop\Spec Factory
[gui-server] CWD:     C:\Users\Chris\Desktop\Spec Factory
[gui-server] Helper:  C:\Users\Chris\Desktop\Spec Factory\category_authority
[gui-server] Output:  C:\Users\Chris\AppData\Local\Temp\spec-factory\output
[gui-server] IndexLab:C:\Users\Chris\AppData\Local\Temp\spec-factory\indexlab
[gui-server] Canonical settings writes only: ON
[gui-server] Static:  C:\Users\Chris\Desktop\Spec Factory\tools\gui-react\dist
[gui-server] Assets:  BillingPage-DGAQpCgt.js, CatalogPage-Cf4s5UG8.js, CategoryManager-BZXa4C9f.js, ComponentReviewPage-BEgw9vve.js, DataTable-Bosp7JNx.js, DrawerShell-CN-q2mU3.js, fieldNormalize-gPMNHgg-.js, FlagsSection-CpAaLEx8.js, formatting-B6A_RRxb.js, helpers-DeMDbXX4.js, index-BDTkN_Te.js, index-CTpxogqz.css, IndexingPage-Cg26NF-y.js, invalidateFieldRulesQueries-CUh7AodM.js, LlmConfigPage-6gFBi2EJ.js, LlmExtractionSection-CSBEZc76.js, LlmGlobalSection-DyI733xr.js, LlmPhaseSection-BzIZXh8f.js, LlmProviderRegistrySection-BNGKf1F7.js, llmSettingsManifest-Dn-9Efng.js, LlmSettingsPage-BH41Q581.js, MetricRow-D_hTP0AY.js, ModelSelectDropdown-BYee0gWY.js, OverviewPage-yzIp1EsO.js, PipelineSettingsPage-G2CNRIAL.js, PipelineSourceStrategySection-DExHgWXL.js, ProductPage-DZOj5V6f.js, ReviewPage-CAQVEOs8.js, RuntimeFlowAutomationSection-B7pwdfcP.js, RuntimeFlowBrowserRenderingSection-DXt8xIDU.js, RuntimeFlowDraftPayload-CTnmRi2Z.js, RuntimeFlowFetchNetworkSection-BMK3b95R.js, RuntimeFlowHeaderControls-D1wen-dQ.js, RuntimeFlowObservabilitySection-DKugNoLS.js, RuntimeFlowOcrSection-DCuD_U6C.js, RuntimeFlowParsingSection-D0yuQLLw.js, RuntimeFlowRunOutputSection-DGBBY0Ek.js, RuntimeFlowRunSetupSection-L76wX7p1.js, RuntimeOpsPage-CVKfIDvd.js, RuntimeSettingsFlowCard-_FX4WjxN.js, settingsStatus-BVm315aX.js, StoragePage-BNT58dje.js, StudioPage-BtZWUoJs.js, TestModePage-Cjr1hFK1.js, TrafficLight-BgRvh4G1.js, useFieldLabels-CA_9YupJ.js, useSessionPersistence-B_2l7dj1.js, vendor-charts-DhZgYMb8.js, vendor-query-B32LnyU-.js, vendor-react-yyJz49DP.js, vendor-ui-ComJg1Ad.js
[gui-server] running on http://localhost:8788
[gui-server] API:     http://localhost:8788/api/v1/health
[gui-server] WS:      ws://localhost:8788/ws
[gui-server] Project: C:\Users\Chris\Desktop\Spec Factory
[gui-server] CWD:     C:\Users\Chris\Desktop\Spec Factory
[gui-server] Helper:  C:\Users\Chris\Desktop\Spec Factory\category_authority
[gui-server] Output:  C:\Users\Chris\AppData\Local\Temp\spec-factory\output
[gui-server] IndexLab:C:\Users\Chris\AppData\Local\Temp\spec-factory\indexlab
[gui-server] Canonical settings writes only: ON
[gui-server] Static:  C:\Users\Chris\Desktop\Spec Factory\tools\gui-react\dist
[gui-server] Assets:  BillingPage-DGAQpCgt.js, CatalogPage-Cf4s5UG8.js, CategoryManager-BZXa4C9f.js, ComponentReviewPage-BEgw9vve.js, DataTable-Bosp7JNx.js, DrawerShell-CN-q2mU3.js, fieldNormalize-gPMNHgg-.js, FlagsSection-CpAaLEx8.js, formatting-B6A_RRxb.js, helpers-DeMDbXX4.js, index-BDTkN_Te.js, index-CTpxogqz.css, IndexingPage-Cg26NF-y.js, invalidateFieldRulesQueries-CUh7AodM.js, LlmConfigPage-6gFBi2EJ.js, LlmExtractionSection-CSBEZc76.js, LlmGlobalSection-DyI733xr.js, LlmPhaseSection-BzIZXh8f.js, LlmProviderRegistrySection-BNGKf1F7.js, llmSettingsManifest-Dn-9Efng.js, LlmSettingsPage-BH41Q581.js, MetricRow-D_hTP0AY.js, ModelSelectDropdown-BYee0gWY.js, OverviewPage-yzIp1EsO.js, PipelineSettingsPage-G2CNRIAL.js, PipelineSourceStrategySection-DExHgWXL.js, ProductPage-DZOj5V6f.js, ReviewPage-CAQVEOs8.js, RuntimeFlowAutomationSection-B7pwdfcP.js, RuntimeFlowBrowserRenderingSection-DXt8xIDU.js, RuntimeFlowDraftPayload-CTnmRi2Z.js, RuntimeFlowFetchNetworkSection-BMK3b95R.js, RuntimeFlowHeaderControls-D1wen-dQ.js, RuntimeFlowObservabilitySection-DKugNoLS.js, RuntimeFlowOcrSection-DCuD_U6C.js, RuntimeFlowParsingSection-D0yuQLLw.js, RuntimeFlowRunOutputSection-DGBBY0Ek.js, RuntimeFlowRunSetupSection-L76wX7p1.js, RuntimeOpsPage-CVKfIDvd.js, RuntimeSettingsFlowCard-_FX4WjxN.js, settingsStatus-BVm315aX.js, StoragePage-BNT58dje.js, StudioPage-BtZWUoJs.js, TestModePage-Cjr1hFK1.js, TrafficLight-BgRvh4G1.js, useFieldLabels-CA_9YupJ.js, useSessionPersistence-B_2l7dj1.js, vendor-charts-DhZgYMb8.js, vendor-query-B32LnyU-.js, vendor-react-yyJz49DP.js, vendor-ui-ComJg1Ad.js
[gui-server] running on http://localhost:8788
[gui-server] API:     http://localhost:8788/api/v1/health
[gui-server] WS:      ws://localhost:8788/ws
[gui-server] Project: C:\Users\Chris\Desktop\Spec Factory
[gui-server] CWD:     C:\Users\Chris\Desktop\Spec Factory
[gui-server] Helper:  C:\Users\Chris\Desktop\Spec Factory\category_authority
[gui-server] Output:  C:\Users\Chris\AppData\Local\Temp\spec-factory\output
[gui-server] IndexLab:C:\Users\Chris\AppData\Local\Temp\spec-factory\indexlab
[gui-server] Canonical settings writes only: ON
[gui-server] Static:  C:\Users\Chris\Desktop\Spec Factory\tools\gui-react\dist
[gui-server] Assets:  BillingPage-DGAQpCgt.js, CatalogPage-Cf4s5UG8.js, CategoryManager-BZXa4C9f.js, ComponentReviewPage-BEgw9vve.js, DataTable-Bosp7JNx.js, DrawerShell-CN-q2mU3.js, fieldNormalize-gPMNHgg-.js, FlagsSection-CpAaLEx8.js, formatting-B6A_RRxb.js, helpers-DeMDbXX4.js, index-BDTkN_Te.js, index-CTpxogqz.css, IndexingPage-Cg26NF-y.js, invalidateFieldRulesQueries-CUh7AodM.js, LlmConfigPage-6gFBi2EJ.js, LlmExtractionSection-CSBEZc76.js, LlmGlobalSection-DyI733xr.js, LlmPhaseSection-BzIZXh8f.js, LlmProviderRegistrySection-BNGKf1F7.js, llmSettingsManifest-Dn-9Efng.js, LlmSettingsPage-BH41Q581.js, MetricRow-D_hTP0AY.js, ModelSelectDropdown-BYee0gWY.js, OverviewPage-yzIp1EsO.js, PipelineSettingsPage-G2CNRIAL.js, PipelineSourceStrategySection-DExHgWXL.js, ProductPage-DZOj5V6f.js, ReviewPage-CAQVEOs8.js, RuntimeFlowAutomationSection-B7pwdfcP.js, RuntimeFlowBrowserRenderingSection-DXt8xIDU.js, RuntimeFlowDraftPayload-CTnmRi2Z.js, RuntimeFlowFetchNetworkSection-BMK3b95R.js, RuntimeFlowHeaderControls-D1wen-dQ.js, RuntimeFlowObservabilitySection-DKugNoLS.js, RuntimeFlowOcrSection-DCuD_U6C.js, RuntimeFlowParsingSection-D0yuQLLw.js, RuntimeFlowRunOutputSection-DGBBY0Ek.js, RuntimeFlowRunSetupSection-L76wX7p1.js, RuntimeOpsPage-CVKfIDvd.js, RuntimeSettingsFlowCard-_FX4WjxN.js, settingsStatus-BVm315aX.js, StoragePage-BNT58dje.js, StudioPage-BtZWUoJs.js, TestModePage-Cjr1hFK1.js, TrafficLight-BgRvh4G1.js, useFieldLabels-CA_9YupJ.js, useSessionPersistence-B_2l7dj1.js, vendor-charts-DhZgYMb8.js, vendor-query-B32LnyU-.js, vendor-react-yyJz49DP.js, vendor-ui-ComJg1Ad.js
[gui-server] running on http://localhost:8788
[gui-server] API:     http://localhost:8788/api/v1/health
[gui-server] WS:      ws://localhost:8788/ws
[gui-server] Project: C:\Users\Chris\Desktop\Spec Factory
[gui-server] CWD:     C:\Users\Chris\Desktop\Spec Factory
[gui-server] Helper:  C:\Users\Chris\Desktop\Spec Factory\category_authority
[gui-server] Output:  C:\Users\Chris\AppData\Local\Temp\spec-factory\output
[gui-server] IndexLab:C:\Users\Chris\AppData\Local\Temp\spec-factory\indexlab
[gui-server] Canonical settings writes only: ON
[gui-server] Static:  C:\Users\Chris\Desktop\Spec Factory\tools\gui-react\dist
[gui-server] Assets:  BillingPage-DS2gBySb.js, CatalogPage-Cu7DXkbL.js, CategoryManager-BWTiM0el.js, ComponentReviewPage-L8BIqSC-.js, DataTable-Bosp7JNx.js, DrawerShell-DPKTuWBk.js, fieldNormalize-gPMNHgg-.js, FlagsSection-CeTh9XDK.js, formatting-B6A_RRxb.js, helpers-D8doRLtL.js, index-DGxQtnsr.css, index-DxFg7k0S.js, IndexingPage-BS-DPUE3.js, invalidateFieldRulesQueries-CUh7AodM.js, LlmConfigPage-D-AOx0Lz.js, LlmExtractionSection-mwodyTUB.js, LlmGlobalSection-BvUxDr5O.js, LlmPhaseSection-BJYHtxXF.js, LlmProviderRegistrySection-BjU9wyqM.js, llmSettingsManifest-Dn-9Efng.js, LlmSettingsPage-C6PNu_sd.js, MetricRow-D_hTP0AY.js, ModelSelectDropdown-BYee0gWY.js, OverviewPage-BK1A0Y8I.js, PipelineSettingsPage-Bt71dEOy.js, PipelineSourceStrategySection-hQp52__W.js, ProductPage-DTe1mxBo.js, ReviewPage-dLXLJJ6P.js, RuntimeFlowAutomationSection-C17Dc-Dc.js, RuntimeFlowBrowserRenderingSection-I41UtVsR.js, RuntimeFlowDraftPayload-CqLECHmb.js, RuntimeFlowFetchNetworkSection-Dn8IsCGb.js, RuntimeFlowHeaderControls-Bk_kEyYK.js, RuntimeFlowObservabilitySection-ddayj8fT.js, RuntimeFlowOcrSection-m4hMkKvv.js, RuntimeFlowParsingSection-B6eJrvLK.js, RuntimeFlowRunOutputSection-B_ks1Ef7.js, RuntimeFlowRunSetupSection-ByWwu9Rs.js, RuntimeOpsPage-CHIzJoX_.js, RuntimeSettingsFlowCard-BWzXBlgX.js, settingsStatus-BVm315aX.js, StoragePage-DOBK-ck4.js, StudioPage-B2nIsZsz.js, TestModePage-CAMpimVO.js, TrafficLight-D2xxGogj.js, useFieldLabels-CrWry8zf.js, useSessionPersistence-B_2l7dj1.js, vendor-charts-DhZgYMb8.js, vendor-query-B32LnyU-.js, vendor-react-yyJz49DP.js, vendor-ui-ComJg1Ad.js
[gui-server] running on http://localhost:8788
[gui-server] API:     http://localhost:8788/api/v1/health
[gui-server] WS:      ws://localhost:8788/ws
[gui-server] Project: C:\Users\Chris\Desktop\Spec Factory
[gui-server] CWD:     C:\Users\Chris\Desktop\Spec Factory
[gui-server] Helper:  C:\Users\Chris\Desktop\Spec Factory\category_authority
[gui-server] Output:  C:\Users\Chris\AppData\Local\Temp\spec-factory\output
[gui-server] IndexLab:C:\Users\Chris\AppData\Local\Temp\spec-factory\indexlab
[gui-server] Canonical settings writes only: ON
[gui-server] Static:  C:\Users\Chris\Desktop\Spec Factory\tools\gui-react\dist
[gui-server] Assets:  BillingPage-DS2gBySb.js, CatalogPage-Cu7DXkbL.js, CategoryManager-BWTiM0el.js, ComponentReviewPage-L8BIqSC-.js, DataTable-Bosp7JNx.js, DrawerShell-DPKTuWBk.js, fieldNormalize-gPMNHgg-.js, FlagsSection-CeTh9XDK.js, formatting-B6A_RRxb.js, helpers-D8doRLtL.js, index-DGxQtnsr.css, index-DxFg7k0S.js, IndexingPage-BS-DPUE3.js, invalidateFieldRulesQueries-CUh7AodM.js, LlmConfigPage-D-AOx0Lz.js, LlmExtractionSection-mwodyTUB.js, LlmGlobalSection-BvUxDr5O.js, LlmPhaseSection-BJYHtxXF.js, LlmProviderRegistrySection-BjU9wyqM.js, llmSettingsManifest-Dn-9Efng.js, LlmSettingsPage-C6PNu_sd.js, MetricRow-D_hTP0AY.js, ModelSelectDropdown-BYee0gWY.js, OverviewPage-BK1A0Y8I.js, PipelineSettingsPage-Bt71dEOy.js, PipelineSourceStrategySection-hQp52__W.js, ProductPage-DTe1mxBo.js, ReviewPage-dLXLJJ6P.js, RuntimeFlowAutomationSection-C17Dc-Dc.js, RuntimeFlowBrowserRenderingSection-I41UtVsR.js, RuntimeFlowDraftPayload-CqLECHmb.js, RuntimeFlowFetchNetworkSection-Dn8IsCGb.js, RuntimeFlowHeaderControls-Bk_kEyYK.js, RuntimeFlowObservabilitySection-ddayj8fT.js, RuntimeFlowOcrSection-m4hMkKvv.js, RuntimeFlowParsingSection-B6eJrvLK.js, RuntimeFlowRunOutputSection-B_ks1Ef7.js, RuntimeFlowRunSetupSection-ByWwu9Rs.js, RuntimeOpsPage-CHIzJoX_.js, RuntimeSettingsFlowCard-BWzXBlgX.js, settingsStatus-BVm315aX.js, StoragePage-DOBK-ck4.js, StudioPage-B2nIsZsz.js, TestModePage-CAMpimVO.js, TrafficLight-D2xxGogj.js, useFieldLabels-CrWry8zf.js, useSessionPersistence-B_2l7dj1.js, vendor-charts-DhZgYMb8.js, vendor-query-B32LnyU-.js, vendor-react-yyJz49DP.js, vendor-ui-ComJg1Ad.js
[gui-server] running on http://localhost:8788
[gui-server] API:     http://localhost:8788/api/v1/health
[gui-server] WS:      ws://localhost:8788/ws
[gui-server] Project: C:\Users\Chris\Desktop\Spec Factory
[gui-server] CWD:     C:\Users\Chris\Desktop\Spec Factory
[gui-server] Helper:  C:\Users\Chris\Desktop\Spec Factory\category_authority
[gui-server] Output:  C:\Users\Chris\AppData\Local\Temp\spec-factory\output
[gui-server] IndexLab:C:\Users\Chris\AppData\Local\Temp\spec-factory\indexlab
[gui-server] Canonical settings writes only: ON
[gui-server] Static:  C:\Users\Chris\Desktop\Spec Factory\tools\gui-react\dist
[gui-server] Assets:  BillingPage-Bg_i8Fmz.js, CatalogPage-DpOq4VcO.js, CategoryManager-CdYifNIk.js, ComponentReviewPage-Da6MEGGv.js, DataTable-Bosp7JNx.js, DrawerShell-DqIF_u-w.js, fieldNormalize-gPMNHgg-.js, FlagsSection-Dul0bynL.js, formatting-B6A_RRxb.js, helpers-Djl6mesw.js, index-DGxQtnsr.css, index-w-KyjKI_.js, IndexingPage-KowHGR1q.js, invalidateFieldRulesQueries-CUh7AodM.js, LlmConfigPage-BwQzP6VI.js, LlmExtractionSection-BTRJfuN0.js, LlmGlobalSection-BDzuEg4I.js, LlmPhaseSection-BZQxo0wO.js, LlmProviderRegistrySection-BdqkVtkA.js, llmSettingsManifest-Dn-9Efng.js, LlmSettingsPage-BGjmVdV5.js, MetricRow-D_hTP0AY.js, ModelSelectDropdown-BYee0gWY.js, OverviewPage-BAl8kutg.js, PipelineSettingsPage-CaOG9URF.js, PipelineSourceStrategySection-Ds4vfFi0.js, ProductPage-l0-mfX86.js, ReviewPage-CdB5Wb4x.js, RuntimeFlowAutomationSection-jJVjs2i9.js, RuntimeFlowBrowserRenderingSection-ClB0Cukl.js, RuntimeFlowDraftPayload--gA2W77Z.js, RuntimeFlowFetchNetworkSection-D1d5rbww.js, RuntimeFlowHeaderControls-B0RYMy_8.js, RuntimeFlowObservabilitySection-BnpwkSbJ.js, RuntimeFlowOcrSection-BkPXlEtI.js, RuntimeFlowParsingSection-Cm0Q3twY.js, RuntimeFlowRunOutputSection-CMHui7LA.js, RuntimeFlowRunSetupSection-CUGL0Psm.js, RuntimeOpsPage-C755Xw1h.js, RuntimeSettingsFlowCard-BI4C9bCn.js, settingsStatus-BVm315aX.js, StoragePage-Blo-BSqf.js, StudioPage-JLpAsQM6.js, TestModePage-C7gCSrMX.js, TrafficLight-BnIMI-7X.js, useFieldLabels-JFU7HlvC.js, useSessionPersistence-B_2l7dj1.js, vendor-charts-DhZgYMb8.js, vendor-query-B32LnyU-.js, vendor-react-yyJz49DP.js, vendor-ui-ComJg1Ad.js
[gui-server] running on http://localhost:8788
[gui-server] API:     http://localhost:8788/api/v1/health
[gui-server] WS:      ws://localhost:8788/ws
[gui-server] Project: C:\Users\Chris\Desktop\Spec Factory
[gui-server] CWD:     C:\Users\Chris\Desktop\Spec Factory
[gui-server] Helper:  C:\Users\Chris\Desktop\Spec Factory\category_authority
[gui-server] Output:  C:\Users\Chris\AppData\Local\Temp\spec-factory\output
[gui-server] IndexLab:C:\Users\Chris\AppData\Local\Temp\spec-factory\indexlab
[gui-server] Canonical settings writes only: ON
[gui-server] Static:  C:\Users\Chris\Desktop\Spec Factory\tools\gui-react\dist
[gui-server] Assets:  BillingPage-DejSOB8R.js, CatalogPage-fi925FKF.js, CategoryManager-C3a3e3zS.js, ComponentReviewPage-DxSpIHZ9.js, DataTable-Bosp7JNx.js, DrawerShell-BSueYZSu.js, fieldNormalize-gPMNHgg-.js, FlagsSection-BEtOsDCF.js, formatting-B6A_RRxb.js, helpers-DM614_15.js, index-DGxQtnsr.css, index-Uvof2h0p.js, IndexingPage-CcTKT2D5.js, invalidateFieldRulesQueries-CUh7AodM.js, LlmConfigPage-DtfsQ2Ca.js, LlmExtractionSection-CZ6ZwS2-.js, LlmGlobalSection-BtuXNET1.js, LlmPhaseSection-VWywjgnx.js, LlmProviderRegistrySection-Biu0E_4g.js, llmSettingsManifest-Dn-9Efng.js, LlmSettingsPage-9NeLVGV3.js, MetricRow-D_hTP0AY.js, ModelSelectDropdown-BYee0gWY.js, OverviewPage-lTMppCKD.js, PipelineSettingsPage-M1VcFYrv.js, PipelineSourceStrategySection-BkndMqv1.js, ProductPage-CPwPO6gX.js, ReviewPage-Ct2C7DSf.js, RuntimeFlowAutomationSection-D91M22z8.js, RuntimeFlowBrowserRenderingSection-8NpiAkAM.js, RuntimeFlowDraftPayload-C4ct6BnQ.js, RuntimeFlowFetchNetworkSection-BEKLMXM-.js, RuntimeFlowHeaderControls-D7_XVIo_.js, RuntimeFlowObservabilitySection-CeRHCqZL.js, RuntimeFlowOcrSection-99GPN7Yx.js, RuntimeFlowParsingSection-BUUw9iLt.js, RuntimeFlowRunOutputSection-BPDGg7Lm.js, RuntimeFlowRunSetupSection-BGelB1Uy.js, RuntimeOpsPage-DNt58v16.js, RuntimeSettingsFlowCard-CmNGctq8.js, settingsStatus-BVm315aX.js, StoragePage-DAL7ednc.js, StudioPage-D3R6rDm3.js, TestModePage-BlDjuihL.js, TrafficLight-DTuzu_gq.js, useFieldLabels-S3Zir5gg.js, useSessionPersistence-B_2l7dj1.js, vendor-charts-DhZgYMb8.js, vendor-query-B32LnyU-.js, vendor-react-yyJz49DP.js, vendor-ui-ComJg1Ad.js
